<?xml version="1.0" encoding="UTF-8"?>
<!-- Generated by org.testng.reporters.JUnitReportReporter -->
<testsuite hostname="NODE441" name="selenium.Testngdemo" tests="2" failures="0" timestamp="3 Nov 2015 08:07:43 GMT" time="0.007" errors="0">
  <testcase name="demoMethod2" time="0.001" classname="selenium.Testngdemo"/>
  <testcase name="demoMethod1" time="0.006" classname="selenium.Testngdemo"/>
</testsuite> <!-- selenium.Testngdemo -->
