<?xml version="1.0" encoding="UTF-8"?>
<!-- Generated by org.testng.reporters.JUnitReportReporter -->
<testsuite hostname="NODE441" name="selenium.AssignmentSecondFouthNovember" tests="1" failures="0" timestamp="17 Nov 2015 06:26:16 GMT" time="88.788" errors="0">
  <testcase name="assignmentTwo_juniperlink" time="88.788" classname="selenium.AssignmentSecondFouthNovember"/>
</testsuite> <!-- selenium.AssignmentSecondFouthNovember -->
