<?xml version="1.0" encoding="UTF-8"?>
<!-- Generated by org.testng.reporters.JUnitReportReporter -->
<testsuite hostname="NODE441" name="test.FlightSearch" tests="1" failures="0" timestamp="15 Nov 2015 03:41:56 GMT" time="101.264" errors="0">
  <testcase name="testFlight" time="101.264" classname="test.FlightSearch"/>
</testsuite> <!-- test.FlightSearch -->
