<?xml version="1.0" encoding="UTF-8"?>
<!-- Generated by org.testng.reporters.JUnitReportReporter -->
<testsuite hostname="NODE441" name="test.DataproviderTest" tests="3" failures="0" timestamp="9 Nov 2015 04:39:34 GMT" time="0.020" errors="0">
  <testcase name="setData" time="0.010" classname="test.DataproviderTest"/>
  <testcase name="setData" time="0.010" classname="test.DataproviderTest"/>
  <testcase name="setData" time="0.000" classname="test.DataproviderTest"/>
</testsuite> <!-- test.DataproviderTest -->
