<?xml version="1.0" encoding="UTF-8"?>
<!-- Generated by org.testng.reporters.JUnitReportReporter -->
<testsuite hostname="NODE441" name="test.TestIrctcHotel" tests="1" failures="0" timestamp="16 Nov 2015 14:00:23 GMT" time="19.383" errors="0">
  <testcase name="testLinks" time="19.383" classname="test.TestIrctcHotel"/>
</testsuite> <!-- test.TestIrctcHotel -->
