<?xml version="1.0" encoding="UTF-8"?>
<!-- Generated by org.testng.reporters.JUnitReportReporter -->
<testsuite hostname="NODE441" name="test.Test_Parallel" tests="3" failures="0" timestamp="8 Nov 2015 10:50:18 GMT" time="0.298" errors="0">
  <testcase name="verify_title" time="0.249" classname="test.Test_Parallel"/>
  <testcase name="verify_title" time="0.035" classname="test.Test_Parallel"/>
  <testcase name="verify_title" time="0.014" classname="test.Test_Parallel"/>
</testsuite> <!-- test.Test_Parallel -->
