<?xml version="1.0" encoding="UTF-8"?>
<!-- Generated by org.testng.reporters.JUnitReportReporter -->
<testsuite hostname="NODE441" name="selenium.KohlsTestTwo" tests="2" failures="0" timestamp="4 Nov 2015 04:44:58 GMT" time="59.418" errors="0">
  <testcase name="testSearch" time="31.243" classname="selenium.KohlsTestTwo"/>
  <testcase name="testUrl" time="28.175" classname="selenium.KohlsTestTwo"/>
</testsuite> <!-- selenium.KohlsTestTwo -->
