<?xml version="1.0" encoding="UTF-8"?>
<!-- Generated by org.testng.reporters.JUnitReportReporter -->
<testsuite hostname="NODE441" name="selenium.Testngdemo2" tests="2" failures="0" timestamp="3 Nov 2015 08:07:43 GMT" time="0.002" errors="0">
  <testcase name="demoMethod2" time="0.001" classname="selenium.Testngdemo2"/>
  <testcase name="demoMethod1" time="0.001" classname="selenium.Testngdemo2"/>
</testsuite> <!-- selenium.Testngdemo2 -->
